<?xml version="1.0" encoding="UTF-8"?>
<!-- Generated by org.testng.reporters.JUnitXMLReporter -->
<testsuite ignored="0" hostname="kuljeet-pc" failures="3" tests="32" name="testng" time="734.108" errors="0" timestamp="2023-09-23T09:48:15 EDT">
  <testcase classname="testlayer.GuestTest" name="PlaceOrderAsGuestUser" time="48.618">
    <failure type="java.lang.AssertionError" message="expected [Order Placed Successfully] but found [Sign in]">
      <![CDATA[java.lang.AssertionError: expected [Order Placed Successfully] but found [Sign in]
at testlayer.GuestTest.PlaceOrderAsGuestUser(GuestTest.java:53)
at java.base/java.util.ArrayList.forEach(ArrayList.java:1511)
at java.base/java.util.concurrent.FutureTask.run(FutureTask.java:264)
at java.base/java.util.concurrent.ThreadPoolExecutor.runWorker(ThreadPoolExecutor.java:1130)
at java.base/java.util.concurrent.ThreadPoolExecutor$Worker.run(ThreadPoolExecutor.java:630)
at java.base/java.lang.Thread.run(Thread.java:832)
... Removed 23 stack frames]]>
    </failure>
  </testcase> <!-- PlaceOrderAsGuestUser -->
  <testcase classname="testlayer.YourOrdersTest" name="buyAgainRecommendations" time="1.501"/>
  <testcase classname="testlayer.YourOrdersTest" name="cancelledOrders" time="0.881"/>
  <testcase classname="testlayer.YourAccountTest" name="checkMusicLibraryLink" time="3.291"/>
  <testcase classname="testlayer.YourAccountTest" name="checkPrimeMembershipLink" time="3.449"/>
  <testcase classname="testlayer.YourAccountTest" name="checkYourAccountLink" time="1.489"/>
  <testcase classname="testlayer.LoginAndSecurityTest" name="editName" time="2.132"/>
  <testcase classname="testlayer.YourOrdersTest" name="notYetShipped" time="0.862"/>
  <testcase classname="testlayer.YourOrdersTest" name="orderHistoryPast3Months" time="0.311"/>
  <testcase classname="testlayer.YourAccountTest" name="sublistDisplayed" time="1.097"/>
  <testcase classname="testlayer.YourAccountTest" name="verifyHomePageMsg" time="0.104"/>
  <testcase classname="testlayer.ShoppingCartTest" name="addOneItemInCart" time="48.578"/>
  <testcase classname="testlayer.YourAddressTest" name="emptyAddressDetailsErrMsgs" time="13.801"/>
  <testcase classname="testlayer.LoginTest" name="emptyEmailAddress" time="0.302"/>
  <testcase classname="testlayer.SearchingTest" name="searchByKeyword" time="46.738"/>
  <testcase classname="testlayer.YourAddressTest" name="addAddress" time="2.437"/>
  <testcase classname="testlayer.ShoppingCartTest" name="applyInvalidCoupon" time="54.707">
    <failure type="org.openqa.selenium.NoSuchElementException" message="Unable to locate element: #spc\-gcpromoinput
For documentation on this error, please visit: https://selenium.dev/exceptions/#no_such_element
Build info: version: &amp;apos;4.9.1&amp;apos;, revision: &amp;apos;eb2032df7f&amp;apos;
System info: os.name: &amp;apos;Windows 10&amp;apos;, os.arch: &amp;apos;amd64&amp;apos;, os.version: &amp;apos;10.0&amp;apos;, java.version: &amp;apos;15.0.1&amp;apos;
Driver info: org.openqa.selenium.firefox.FirefoxDriver
Command: [620e6239-0c35-4d87-ad4b-f6b7a4ae08cb, findElement {using=id, value=spc-gcpromoinput}]
Capabilities {acceptInsecureCerts: true, browserName: firefox, browserVersion: 117.0.1, moz:accessibilityChecks: false, moz:buildID: 20230912013654, moz:debuggerAddress: 127.0.0.1:43650, moz:geckodriverVersion: 0.33.0, moz:headless: false, moz:platformVersion: 10.0, moz:processID: 55756, moz:profile: C:\Users\kulje\AppData\Loca..., moz:shutdownTimeout: 60000, moz:webdriverClick: true, moz:windowless: false, pageLoadStrategy: normal, platformName: windows, proxy: Proxy(), se:cdp: ws://127.0.0.1:43650/devtoo..., se:cdpVersion: 85.0, setWindowRect: true, strictFileInteractability: false, timeouts: {implicit: 0, pageLoad: 300000, script: 30000}, unhandledPromptBehavior: dismiss and notify}
Session ID: 620e6239-0c35-4d87-ad4b-f6b7a4ae08cb">
      <![CDATA[org.openqa.selenium.NoSuchElementException: Unable to locate element: #spc\-gcpromoinput
For documentation on this error, please visit: https://selenium.dev/exceptions/#no_such_element
Build info: version: '4.9.1', revision: 'eb2032df7f'
System info: os.name: 'Windows 10', os.arch: 'amd64', os.version: '10.0', java.version: '15.0.1'
Driver info: org.openqa.selenium.firefox.FirefoxDriver
Command: [620e6239-0c35-4d87-ad4b-f6b7a4ae08cb, findElement {using=id, value=spc-gcpromoinput}]
Capabilities {acceptInsecureCerts: true, browserName: firefox, browserVersion: 117.0.1, moz:accessibilityChecks: false, moz:buildID: 20230912013654, moz:debuggerAddress: 127.0.0.1:43650, moz:geckodriverVersion: 0.33.0, moz:headless: false, moz:platformVersion: 10.0, moz:processID: 55756, moz:profile: C:\Users\kulje\AppData\Loca..., moz:shutdownTimeout: 60000, moz:webdriverClick: true, moz:windowless: false, pageLoadStrategy: normal, platformName: windows, proxy: Proxy(), se:cdp: ws://127.0.0.1:43650/devtoo..., se:cdpVersion: 85.0, setWindowRect: true, strictFileInteractability: false, timeouts: {implicit: 0, pageLoad: 300000, script: 30000}, unhandledPromptBehavior: dismiss and notify}
Session ID: 620e6239-0c35-4d87-ad4b-f6b7a4ae08cb
at org.openqa.selenium.remote.codec.w3c.W3CHttpResponseCodec.createException(W3CHttpResponseCodec.java:200)
at org.openqa.selenium.remote.codec.w3c.W3CHttpResponseCodec.decode(W3CHttpResponseCodec.java:133)
at org.openqa.selenium.remote.codec.w3c.W3CHttpResponseCodec.decode(W3CHttpResponseCodec.java:53)
at org.openqa.selenium.remote.HttpCommandExecutor.execute(HttpCommandExecutor.java:193)
at org.openqa.selenium.remote.service.DriverCommandExecutor.invokeExecute(DriverCommandExecutor.java:183)
at org.openqa.selenium.remote.service.DriverCommandExecutor.execute(DriverCommandExecutor.java:158)
at org.openqa.selenium.remote.RemoteWebDriver.execute(RemoteWebDriver.java:543)
at org.openqa.selenium.remote.ElementLocation$ElementFinder$2.findElement(ElementLocation.java:162)
at org.openqa.selenium.remote.ElementLocation.findElement(ElementLocation.java:60)
at org.openqa.selenium.remote.RemoteWebDriver.findElement(RemoteWebDriver.java:352)
at org.openqa.selenium.remote.RemoteWebDriver.findElement(RemoteWebDriver.java:344)
at org.openqa.selenium.support.pagefactory.DefaultElementLocator.findElement(DefaultElementLocator.java:70)
at org.openqa.selenium.support.pagefactory.internal.LocatingElementHandler.invoke(LocatingElementHandler.java:39)
at com.sun.proxy.$Proxy18.sendKeys(Unknown Source)
at pompackage.PomShoppingCart.enterInvalidCoupon(PomShoppingCart.java:77)
at testlayer.ShoppingCartTest.applyInvalidCoupon(ShoppingCartTest.java:100)
at java.base/java.util.ArrayList.forEach(ArrayList.java:1511)
at java.base/java.util.concurrent.FutureTask.run(FutureTask.java:264)
at java.base/java.util.concurrent.ThreadPoolExecutor.runWorker(ThreadPoolExecutor.java:1130)
at java.base/java.util.concurrent.ThreadPoolExecutor$Worker.run(ThreadPoolExecutor.java:630)
at java.base/java.lang.Thread.run(Thread.java:832)
... Removed 22 stack frames]]>
    </failure>
  </testcase> <!-- applyInvalidCoupon -->
  <testcase classname="testlayer.LoginTest" name="invalidEmailAddress" time="0.797"/>
  <testcase classname="testlayer.SearchingTest" name="searchByDescriptionText" time="21.552"/>
  <testcase classname="testlayer.ShoppingCartTest" name="addDifferentItems" time="117.435"/>
  <testcase classname="testlayer.YourAddressTest" name="checkAddressAddedSuccessfully" time="0.028"/>
  <testcase classname="testlayer.SearchingTest" name="searchItemByPartialItemText" time="29.09"/>
  <testcase classname="testlayer.LoginTest" name="validEmailAddress" time="0.921"/>
  <testcase classname="testlayer.LoginTest" name="invalidPhone" time="0.841"/>
  <testcase classname="testlayer.ShoppingCartTest" name="removeItemFromCart" time="4.187"/>
  <testcase classname="testlayer.SearchingTest" name="searchItemByItemNumber" time="0.879"/>
  <testcase classname="testlayer.LoginTest" name="emptyPassword" time="1.178"/>
  <testcase classname="testlayer.SearchingTest" name="searchItemByPartialItemNumber" time="1.118"/>
  <testcase classname="testlayer.SearchingTest" name="productsPerPage" time="0.348">
    <failure type="java.lang.AssertionError" message="expected [60] but found [235]">
      <![CDATA[java.lang.AssertionError: expected [60] but found [235]
at testlayer.SearchingTest.productsPerPage(SearchingTest.java:120)
at java.base/java.util.ArrayList.forEach(ArrayList.java:1511)
at java.base/java.util.concurrent.FutureTask.run(FutureTask.java:264)
at java.base/java.util.concurrent.ThreadPoolExecutor.runWorker(ThreadPoolExecutor.java:1130)
at java.base/java.util.concurrent.ThreadPoolExecutor$Worker.run(ThreadPoolExecutor.java:630)
at java.base/java.lang.Thread.run(Thread.java:832)
... Removed 22 stack frames]]>
    </failure>
  </testcase> <!-- productsPerPage -->
  <testcase classname="testlayer.LoginTest" name="validEmailAndPassword" time="3.048"/>
  <testcase classname="testlayer.LoginTest" name="keepMeSignedIn" time="3.173"/>
  <testcase classname="testlayer.SearchingTest" name="nextPage" time="3.687"/>
</testsuite> <!-- testng -->
